# JRE version: OpenJDK Runtime Environment (8.0_112-b06) (build 1.8.0_112-release-b06)
# Java VM: OpenJDK 64-Bit Server VM (25.112-b06 mixed mode windows-amd64 compressed oops)
Heap:
 PSYoungGen      total 282112K, used 37580K [0x00000000eab00000, 0x0000000100000000, 0x0000000100000000)
  eden space 215040K, 17% used [0x00000000eab00000,0x00000000ecfb3260,0x00000000f7d00000)
  from space 67072K, 0% used [0x00000000f7d00000,0x00000000f7d00000,0x00000000fbe80000)
  to   space 62976K, 0% used [0x00000000fc280000,0x00000000fc280000,0x0000000100000000)
 ParOldGen       total 334848K, used 108826K [0x00000000c0000000, 0x00000000d4700000, 0x00000000eab00000)
  object space 334848K, 32% used [0x00000000c0000000,0x00000000c6a46bf0,0x00000000d4700000)
 Metaspace       used 66728K, capacity 71316K, committed 71704K, reserved 1112064K
  class space    used 8589K, capacity 9360K, committed 9496K, reserved 1048576K
GC Heap History (10 events):
Event: 360.328 GC heap before
{Heap before GC invocations=23 (full 3):
 PSYoungGen      total 285184K, used 284811K [0x00000000eab00000, 0x00000000ffb80000, 0x0000000100000000)
  eden space 265728K, 100% used [0x00000000eab00000,0x00000000fae80000,0x00000000fae80000)
  from space 19456K, 98% used [0x00000000fae80000,0x00000000fc122c30,0x00000000fc180000)
  to   space 39424K, 0% used [0x00000000fd500000,0x00000000fd500000,0x00000000ffb80000)
 ParOldGen       total 230400K, used 143146K [0x00000000c0000000, 0x00000000ce100000, 0x00000000eab00000)
  object space 230400K, 62% used [0x00000000c0000000,0x00000000c8bca8d0,0x00000000ce100000)
 Metaspace       used 65940K, capacity 70096K, committed 70296K, reserved 1110016K
  class space    used 8544K, capacity 9266K, committed 9368K, reserved 1048576K
Event: 360.394 GC heap after
Heap after GC invocations=23 (full 3):
 PSYoungGen      total 295424K, used 39406K [0x00000000eab00000, 0x0000000100000000, 0x0000000100000000)
  eden space 256000K, 0% used [0x00000000eab00000,0x00000000eab00000,0x00000000fa500000)
  from space 39424K, 99% used [0x00000000fd500000,0x00000000ffb7bb40,0x00000000ffb80000)
  to   space 46592K, 0% used [0x00000000fa500000,0x00000000fa500000,0x00000000fd280000)
 ParOldGen       total 230400K, used 147038K [0x00000000c0000000, 0x00000000ce100000, 0x00000000eab00000)
  object space 230400K, 63% used [0x00000000c0000000,0x00000000c8f97a00,0x00000000ce100000)
 Metaspace       used 65940K, capacity 70096K, committed 70296K, reserved 1110016K
  class space    used 8544K, capacity 9266K, committed 9368K, reserved 1048576K
}
Event: 367.526 GC heap before
{Heap before GC invocations=24 (full 3):
 PSYoungGen      total 295424K, used 295406K [0x00000000eab00000, 0x0000000100000000, 0x0000000100000000)
  eden space 256000K, 100% used [0x00000000eab00000,0x00000000fa500000,0x00000000fa500000)
  from space 39424K, 99% used [0x00000000fd500000,0x00000000ffb7bb40,0x00000000ffb80000)
  to   space 46592K, 0% used [0x00000000fa500000,0x00000000fa500000,0x00000000fd280000)
 ParOldGen       total 230400K, used 147038K [0x00000000c0000000, 0x00000000ce100000, 0x00000000eab00000)
  object space 230400K, 63% used [0x00000000c0000000,0x00000000c8f97a00,0x00000000ce100000)
 Metaspace       used 66391K, capacity 70818K, committed 71064K, reserved 1112064K
  class space    used 8586K, capacity 9337K, committed 9368K, reserved 1048576K
Event: 367.581 GC heap after
Heap after GC invocations=24 (full 3):
 PSYoungGen      total 302080K, used 45901K [0x00000000eab00000, 0x0000000100000000, 0x0000000100000000)
  eden space 256000K, 0% used [0x00000000eab00000,0x00000000eab00000,0x00000000fa500000)
  from space 46080K, 99% used [0x00000000fa500000,0x00000000fd1d36b0,0x00000000fd200000)
  to   space 47104K, 0% used [0x00000000fd200000,0x00000000fd200000,0x0000000100000000)
 ParOldGen       total 230400K, used 164511K [0x00000000c0000000, 0x00000000ce100000, 0x00000000eab00000)
  object space 230400K, 71% used [0x00000000c0000000,0x00000000ca0a7f08,0x00000000ce100000)
 Metaspace       used 66391K, capacity 70818K, committed 71064K, reserved 1112064K
  class space    used 8586K, capacity 9337K, committed 9368K, reserved 1048576K
}
Event: 370.540 GC heap before
{Heap before GC invocations=25 (full 3):
 PSYoungGen      total 302080K, used 301901K [0x00000000eab00000, 0x0000000100000000, 0x0000000100000000)
  eden space 256000K, 100% used [0x00000000eab00000,0x00000000fa500000,0x00000000fa500000)
  from space 46080K, 99% used [0x00000000fa500000,0x00000000fd1d36b0,0x00000000fd200000)
  to   space 47104K, 0% used [0x00000000fd200000,0x00000000fd200000,0x0000000100000000)
 ParOldGen       total 230400K, used 164511K [0x00000000c0000000, 0x00000000ce100000, 0x00000000eab00000)
  object space 230400K, 71% used [0x00000000c0000000,0x00000000ca0a7f08,0x00000000ce100000)
 Metaspace       used 66552K, capacity 71036K, committed 71064K, reserved 1112064K
  class space    used 8603K, capacity 9368K, committed 9368K, reserved 1048576K
Event: 370.596 GC heap after
Heap after GC invocations=25 (full 3):
 PSYoungGen      total 262144K, used 47085K [0x00000000eab00000, 0x0000000100000000, 0x0000000100000000)
  eden space 215040K, 0% used [0x00000000eab00000,0x00000000eab00000,0x00000000f7d00000)
  from space 47104K, 99% used [0x00000000fd200000,0x00000000ffffb6b0,0x0000000100000000)
  to   space 67072K, 0% used [0x00000000f7d00000,0x00000000f7d00000,0x00000000fbe80000)
 ParOldGen       total 230400K, used 186491K [0x00000000c0000000, 0x00000000ce100000, 0x00000000eab00000)
  object space 230400K, 80% used [0x00000000c0000000,0x00000000cb61efa8,0x00000000ce100000)
 Metaspace       used 66552K, capacity 71036K, committed 71064K, reserved 1112064K
  class space    used 8603K, capacity 9368K, committed 9368K, reserved 1048576K
}
Event: 381.973 GC heap before
{Heap before GC invocations=26 (full 3):
 PSYoungGen      total 262144K, used 262125K [0x00000000eab00000, 0x0000000100000000, 0x0000000100000000)
  eden space 215040K, 100% used [0x00000000eab00000,0x00000000f7d00000,0x00000000f7d00000)
  from space 47104K, 99% used [0x00000000fd200000,0x00000000ffffb6b0,0x0000000100000000)
  to   space 67072K, 0% used [0x00000000f7d00000,0x00000000f7d00000,0x00000000fbe80000)
 ParOldGen       total 230400K, used 186491K [0x00000000c0000000, 0x00000000ce100000, 0x00000000eab00000)
  object space 230400K, 80% used [0x00000000c0000000,0x00000000cb61efa8,0x00000000ce100000)
 Metaspace       used 66829K, capacity 71476K, committed 71704K, reserved 1112064K
  class space    used 8619K, capacity 9396K, committed 9496K, reserved 1048576K
Event: 382.080 GC heap after
Heap after GC invocations=26 (full 3):
 PSYoungGen      total 282112K, used 28592K [0x00000000eab00000, 0x0000000100000000, 0x0000000100000000)
  eden space 215040K, 0% used [0x00000000eab00000,0x00000000eab00000,0x00000000f7d00000)
  from space 67072K, 42% used [0x00000000f7d00000,0x00000000f98ec148,0x00000000fbe80000)
  to   space 62976K, 0% used [0x00000000fc280000,0x00000000fc280000,0x0000000100000000)
 ParOldGen       total 230400K, used 224081K [0x00000000c0000000, 0x00000000ce100000, 0x00000000eab00000)
  object space 230400K, 97% used [0x00000000c0000000,0x00000000cdad4550,0x00000000ce100000)
 Metaspace       used 66829K, capacity 71476K, committed 71704K, reserved 1112064K
  class space    used 8619K, capacity 9396K, committed 9496K, reserved 1048576K
}
Event: 382.080 GC heap before
{Heap before GC invocations=27 (full 4):
 PSYoungGen      total 282112K, used 28592K [0x00000000eab00000, 0x0000000100000000, 0x0000000100000000)
  eden space 215040K, 0% used [0x00000000eab00000,0x00000000eab00000,0x00000000f7d00000)
  from space 67072K, 42% used [0x00000000f7d00000,0x00000000f98ec148,0x00000000fbe80000)
  to   space 62976K, 0% used [0x00000000fc280000,0x00000000fc280000,0x0000000100000000)
 ParOldGen       total 230400K, used 224081K [0x00000000c0000000, 0x00000000ce100000, 0x00000000eab00000)
  object space 230400K, 97% used [0x00000000c0000000,0x00000000cdad4550,0x00000000ce100000)
 Metaspace       used 66829K, capacity 71476K, committed 71704K, reserved 1112064K
  class space    used 8619K, capacity 9396K, committed 9496K, reserved 1048576K
Event: 382.839 GC heap after
Heap after GC invocations=27 (full 4):
 PSYoungGen      total 282112K, used 0K [0x00000000eab00000, 0x0000000100000000, 0x0000000100000000)
  eden space 215040K, 0% used [0x00000000eab00000,0x00000000eab00000,0x00000000f7d00000)
  from space 67072K, 0% used [0x00000000f7d00000,0x00000000f7d00000,0x00000000fbe80000)
  to   space 62976K, 0% used [0x00000000fc280000,0x00000000fc280000,0x0000000100000000)
 ParOldGen       total 334848K, used 108826K [0x00000000c0000000, 0x00000000d4700000, 0x00000000eab00000)
  object space 334848K, 32% used [0x00000000c0000000,0x00000000c6a46bf0,0x00000000d4700000)
 Metaspace       used 66706K, capacity 71286K, committed 71704K, reserved 1112064K
  class space    used 8587K, capacity 9355K, committed 9496K, reserved 1048576K
}

